0 info it worked if it ends with ok
1 verbose cli [ 'D:\\IDE集成开发环境\\nodejs\\node.exe',
1 verbose cli   'D:\\IDE集成开发环境\\nodejs\\node_modules\\npm\\bin\\npm-cli.js',
1 verbose cli   'run',
1 verbose cli   'test' ]
2 info using npm@2.15.8
3 info using node@v4.4.7
4 verbose run-script [ 'pretest', 'test', 'posttest' ]
5 info pretest mywebpack@1.0.0
6 info test mywebpack@1.0.0
7 verbose unsafe-perm in lifecycle true
8 info mywebpack@1.0.0 Failed to exec test script
9 verbose stack Error: mywebpack@1.0.0 test: `webpack-p`
9 verbose stack Exit status 1
9 verbose stack     at EventEmitter.<anonymous> (D:\IDE集成开发环境\nodejs\node_modules\npm\lib\utils\lifecycle.js:217:16)
9 verbose stack     at emitTwo (events.js:87:13)
9 verbose stack     at EventEmitter.emit (events.js:172:7)
9 verbose stack     at ChildProcess.<anonymous> (D:\IDE集成开发环境\nodejs\node_modules\npm\lib\utils\spawn.js:24:14)
9 verbose stack     at emitTwo (events.js:87:13)
9 verbose stack     at ChildProcess.emit (events.js:172:7)
9 verbose stack     at maybeClose (internal/child_process.js:827:16)
9 verbose stack     at Process.ChildProcess._handle.onexit (internal/child_process.js:211:5)
10 verbose pkgid mywebpack@1.0.0
11 verbose cwd D:\每天学习文件夹\web\mmall
12 error Windows_NT 10.0.14393
13 error argv "D:\\IDE集成开发环境\\nodejs\\node.exe" "D:\\IDE集成开发环境\\nodejs\\node_modules\\npm\\bin\\npm-cli.js" "run" "test"
14 error node v4.4.7
15 error npm  v2.15.8
16 error code ELIFECYCLE
17 error mywebpack@1.0.0 test: `webpack-p`
17 error Exit status 1
18 error Failed at the mywebpack@1.0.0 test script 'webpack-p'.
18 error This is most likely a problem with the mywebpack package,
18 error not with npm itself.
18 error Tell the author that this fails on your system:
18 error     webpack-p
18 error You can get information on how to open an issue for this project with:
18 error     npm bugs mywebpack
18 error Or if that isn't available, you can get their info via:
18 error
18 error     npm owner ls mywebpack
18 error There is likely additional logging output above.
19 verbose exit [ 1, true ]
